2023-12-18 14:15:19,004 - Log4JLogChute initialized using file 'velocity.log'
2023-12-18 14:15:19,004 - Initializing Velocity, Calling init()...
2023-12-18 14:15:19,004 - Starting Apache Velocity v1.7 (compiled: 2010-11-19 12:14:37)
2023-12-18 14:15:19,004 - Default Properties File: org/apache/velocity/runtime/defaults/velocity.properties
2023-12-18 14:15:19,004 - Trying to use logger class org.apache.velocity.runtime.log.AvalonLogChute
2023-12-18 14:15:19,004 - Target log system for org.apache.velocity.runtime.log.AvalonLogChute is not available (java.lang.NoClassDefFoundError: org/apache/log/format/Formatter).  Falling back to next log system...
2023-12-18 14:15:19,004 - Trying to use logger class org.apache.velocity.runtime.log.Log4JLogChute
2023-12-18 14:15:19,004 - Using logger class org.apache.velocity.runtime.log.Log4JLogChute
2023-12-18 14:15:19,007 - ResourceLoader instantiated: org.apache.velocity.runtime.resource.loader.StringResourceLoader
2023-12-18 14:15:19,008 - Creating string repository using class org.apache.velocity.runtime.resource.util.StringResourceRepositoryImpl...
2023-12-18 14:15:19,008 - Default repository encoding is UTF-8
2023-12-18 14:15:19,020 - ResourceCache: initialized (class org.apache.velocity.runtime.resource.ResourceCacheImpl) with class java.util.Collections$SynchronizedMap cache map.
2023-12-18 14:15:19,021 - Loaded System Directive: org.apache.velocity.runtime.directive.Stop
2023-12-18 14:15:19,022 - Loaded System Directive: org.apache.velocity.runtime.directive.Define
2023-12-18 14:15:19,022 - Loaded System Directive: org.apache.velocity.runtime.directive.Break
2023-12-18 14:15:19,023 - Loaded System Directive: org.apache.velocity.runtime.directive.Evaluate
2023-12-18 14:15:19,023 - Loaded System Directive: org.apache.velocity.runtime.directive.Literal
2023-12-18 14:15:19,024 - Loaded System Directive: org.apache.velocity.runtime.directive.Macro
2023-12-18 14:15:19,025 - Loaded System Directive: org.apache.velocity.runtime.directive.Parse
2023-12-18 14:15:19,025 - Loaded System Directive: org.apache.velocity.runtime.directive.Include
2023-12-18 14:15:19,026 - Loaded System Directive: org.apache.velocity.runtime.directive.Foreach
2023-12-18 14:15:19,048 - Created '20' parsers.
2023-12-18 14:15:19,052 - Velocimacro : "velocimacro.library" is not set.  Trying default library: VM_global_library.vm
2023-12-18 14:15:19,052 - Velocimacro : Default library not found.
2023-12-18 14:15:19,052 - Velocimacro : allowInline = true : VMs can be defined inline in templates
2023-12-18 14:15:19,052 - Velocimacro : allowInlineToOverride = false : VMs defined inline may NOT replace previous VM definitions
2023-12-18 14:15:19,052 - Velocimacro : allowInlineLocal = false : VMs defined inline will be global in scope if allowed.
2023-12-18 14:15:19,052 - Velocimacro : autoload off : VM system will not automatically reload global library macros
2023-12-18 14:15:19,110 - ResourceManager : found myTemplate with loader org.apache.velocity.runtime.resource.loader.StringResourceLoader
2023-12-18 14:17:48,041 - Log4JLogChute initialized using file 'velocity.log'
2023-12-18 14:17:48,042 - Initializing Velocity, Calling init()...
2023-12-18 14:17:48,042 - Starting Apache Velocity v1.7 (compiled: 2010-11-19 12:14:37)
2023-12-18 14:17:48,042 - Default Properties File: org/apache/velocity/runtime/defaults/velocity.properties
2023-12-18 14:17:48,042 - Trying to use logger class org.apache.velocity.runtime.log.AvalonLogChute
2023-12-18 14:17:48,042 - Target log system for org.apache.velocity.runtime.log.AvalonLogChute is not available (java.lang.NoClassDefFoundError: org/apache/log/format/Formatter).  Falling back to next log system...
2023-12-18 14:17:48,042 - Trying to use logger class org.apache.velocity.runtime.log.Log4JLogChute
2023-12-18 14:17:48,042 - Using logger class org.apache.velocity.runtime.log.Log4JLogChute
2023-12-18 14:17:48,048 - ResourceLoader instantiated: org.apache.velocity.runtime.resource.loader.StringResourceLoader
2023-12-18 14:17:48,050 - Creating string repository using class org.apache.velocity.runtime.resource.util.StringResourceRepositoryImpl...
2023-12-18 14:17:48,050 - Default repository encoding is UTF-8
2023-12-18 14:17:48,063 - ResourceCache: initialized (class org.apache.velocity.runtime.resource.ResourceCacheImpl) with class java.util.Collections$SynchronizedMap cache map.
2023-12-18 14:17:48,074 - Loaded System Directive: org.apache.velocity.runtime.directive.Stop
2023-12-18 14:17:48,093 - Loaded System Directive: org.apache.velocity.runtime.directive.Define
2023-12-18 14:17:48,113 - Loaded System Directive: org.apache.velocity.runtime.directive.Break
2023-12-18 14:17:48,133 - Loaded System Directive: org.apache.velocity.runtime.directive.Evaluate
2023-12-18 14:17:48,133 - Loaded System Directive: org.apache.velocity.runtime.directive.Literal
2023-12-18 14:17:48,134 - Loaded System Directive: org.apache.velocity.runtime.directive.Macro
2023-12-18 14:17:48,135 - Loaded System Directive: org.apache.velocity.runtime.directive.Parse
2023-12-18 14:17:48,136 - Loaded System Directive: org.apache.velocity.runtime.directive.Include
2023-12-18 14:17:48,138 - Loaded System Directive: org.apache.velocity.runtime.directive.Foreach
2023-12-18 14:17:48,166 - Created '20' parsers.
2023-12-18 14:17:48,171 - Velocimacro : "velocimacro.library" is not set.  Trying default library: VM_global_library.vm
2023-12-18 14:17:48,171 - Velocimacro : Default library not found.
2023-12-18 14:17:48,171 - Velocimacro : allowInline = true : VMs can be defined inline in templates
2023-12-18 14:17:48,172 - Velocimacro : allowInlineToOverride = false : VMs defined inline may NOT replace previous VM definitions
2023-12-18 14:17:48,172 - Velocimacro : allowInlineLocal = false : VMs defined inline will be global in scope if allowed.
2023-12-18 14:17:48,172 - Velocimacro : autoload off : VM system will not automatically reload global library macros
2023-12-18 14:17:48,244 - ResourceManager : found myTemplate with loader org.apache.velocity.runtime.resource.loader.StringResourceLoader
2023-12-18 14:18:00,060 - Log4JLogChute initialized using file 'velocity.log'
2023-12-18 14:18:00,060 - Initializing Velocity, Calling init()...
2023-12-18 14:18:00,060 - Starting Apache Velocity v1.7 (compiled: 2010-11-19 12:14:37)
2023-12-18 14:18:00,060 - Default Properties File: org/apache/velocity/runtime/defaults/velocity.properties
2023-12-18 14:18:00,061 - Trying to use logger class org.apache.velocity.runtime.log.AvalonLogChute
2023-12-18 14:18:00,061 - Target log system for org.apache.velocity.runtime.log.AvalonLogChute is not available (java.lang.NoClassDefFoundError: org/apache/log/format/Formatter).  Falling back to next log system...
2023-12-18 14:18:00,061 - Trying to use logger class org.apache.velocity.runtime.log.Log4JLogChute
2023-12-18 14:18:00,061 - Using logger class org.apache.velocity.runtime.log.Log4JLogChute
2023-12-18 14:18:00,065 - ResourceLoader instantiated: org.apache.velocity.runtime.resource.loader.StringResourceLoader
2023-12-18 14:18:00,067 - Creating string repository using class org.apache.velocity.runtime.resource.util.StringResourceRepositoryImpl...
2023-12-18 14:18:00,067 - Default repository encoding is UTF-8
2023-12-18 14:18:00,080 - ResourceCache: initialized (class org.apache.velocity.runtime.resource.ResourceCacheImpl) with class java.util.Collections$SynchronizedMap cache map.
2023-12-18 14:18:00,082 - Loaded System Directive: org.apache.velocity.runtime.directive.Stop
2023-12-18 14:18:00,083 - Loaded System Directive: org.apache.velocity.runtime.directive.Define
2023-12-18 14:18:00,083 - Loaded System Directive: org.apache.velocity.runtime.directive.Break
2023-12-18 14:18:00,084 - Loaded System Directive: org.apache.velocity.runtime.directive.Evaluate
2023-12-18 14:18:00,084 - Loaded System Directive: org.apache.velocity.runtime.directive.Literal
2023-12-18 14:18:00,085 - Loaded System Directive: org.apache.velocity.runtime.directive.Macro
2023-12-18 14:18:00,086 - Loaded System Directive: org.apache.velocity.runtime.directive.Parse
2023-12-18 14:18:00,088 - Loaded System Directive: org.apache.velocity.runtime.directive.Include
2023-12-18 14:18:00,090 - Loaded System Directive: org.apache.velocity.runtime.directive.Foreach
2023-12-18 14:18:00,118 - Created '20' parsers.
2023-12-18 14:18:00,123 - Velocimacro : "velocimacro.library" is not set.  Trying default library: VM_global_library.vm
2023-12-18 14:18:00,123 - Velocimacro : Default library not found.
2023-12-18 14:18:00,123 - Velocimacro : allowInline = true : VMs can be defined inline in templates
2023-12-18 14:18:00,123 - Velocimacro : allowInlineToOverride = false : VMs defined inline may NOT replace previous VM definitions
2023-12-18 14:18:00,123 - Velocimacro : allowInlineLocal = false : VMs defined inline will be global in scope if allowed.
2023-12-18 14:18:00,123 - Velocimacro : autoload off : VM system will not automatically reload global library macros
2023-12-18 14:18:00,191 - ResourceManager : found myTemplate with loader org.apache.velocity.runtime.resource.loader.StringResourceLoader
2023-12-18 14:18:12,992 - Log4JLogChute initialized using file 'velocity.log'
2023-12-18 14:18:12,992 - Initializing Velocity, Calling init()...
2023-12-18 14:18:12,993 - Starting Apache Velocity v1.7 (compiled: 2010-11-19 12:14:37)
2023-12-18 14:18:12,993 - Default Properties File: org/apache/velocity/runtime/defaults/velocity.properties
2023-12-18 14:18:12,993 - Trying to use logger class org.apache.velocity.runtime.log.AvalonLogChute
2023-12-18 14:18:12,993 - Target log system for org.apache.velocity.runtime.log.AvalonLogChute is not available (java.lang.NoClassDefFoundError: org/apache/log/format/Formatter).  Falling back to next log system...
2023-12-18 14:18:12,993 - Trying to use logger class org.apache.velocity.runtime.log.Log4JLogChute
2023-12-18 14:18:12,993 - Using logger class org.apache.velocity.runtime.log.Log4JLogChute
2023-12-18 14:18:12,996 - ResourceLoader instantiated: org.apache.velocity.runtime.resource.loader.StringResourceLoader
2023-12-18 14:18:12,996 - Creating string repository using class org.apache.velocity.runtime.resource.util.StringResourceRepositoryImpl...
2023-12-18 14:18:12,996 - Default repository encoding is UTF-8
2023-12-18 14:18:13,003 - ResourceCache: initialized (class org.apache.velocity.runtime.resource.ResourceCacheImpl) with class java.util.Collections$SynchronizedMap cache map.
2023-12-18 14:18:13,005 - Loaded System Directive: org.apache.velocity.runtime.directive.Stop
2023-12-18 14:18:13,005 - Loaded System Directive: org.apache.velocity.runtime.directive.Define
2023-12-18 14:18:13,006 - Loaded System Directive: org.apache.velocity.runtime.directive.Break
2023-12-18 14:18:13,006 - Loaded System Directive: org.apache.velocity.runtime.directive.Evaluate
2023-12-18 14:18:13,007 - Loaded System Directive: org.apache.velocity.runtime.directive.Literal
2023-12-18 14:18:13,007 - Loaded System Directive: org.apache.velocity.runtime.directive.Macro
2023-12-18 14:18:13,008 - Loaded System Directive: org.apache.velocity.runtime.directive.Parse
2023-12-18 14:18:13,009 - Loaded System Directive: org.apache.velocity.runtime.directive.Include
2023-12-18 14:18:13,010 - Loaded System Directive: org.apache.velocity.runtime.directive.Foreach
2023-12-18 14:18:13,031 - Created '20' parsers.
2023-12-18 14:18:13,034 - Velocimacro : "velocimacro.library" is not set.  Trying default library: VM_global_library.vm
2023-12-18 14:18:13,034 - Velocimacro : Default library not found.
2023-12-18 14:18:13,035 - Velocimacro : allowInline = true : VMs can be defined inline in templates
2023-12-18 14:18:13,035 - Velocimacro : allowInlineToOverride = false : VMs defined inline may NOT replace previous VM definitions
2023-12-18 14:18:13,035 - Velocimacro : allowInlineLocal = false : VMs defined inline will be global in scope if allowed.
2023-12-18 14:18:13,035 - Velocimacro : autoload off : VM system will not automatically reload global library macros
2023-12-18 14:18:13,090 - ResourceManager : found myTemplate with loader org.apache.velocity.runtime.resource.loader.StringResourceLoader
2023-12-18 14:19:55,694 - Log4JLogChute initialized using file 'velocity.log'
2023-12-18 14:19:55,694 - Initializing Velocity, Calling init()...
2023-12-18 14:19:55,695 - Starting Apache Velocity v1.7 (compiled: 2010-11-19 12:14:37)
2023-12-18 14:19:55,695 - Default Properties File: org/apache/velocity/runtime/defaults/velocity.properties
2023-12-18 14:19:55,695 - Trying to use logger class org.apache.velocity.runtime.log.AvalonLogChute
2023-12-18 14:19:55,695 - Target log system for org.apache.velocity.runtime.log.AvalonLogChute is not available (java.lang.NoClassDefFoundError: org/apache/log/format/Formatter).  Falling back to next log system...
2023-12-18 14:19:55,695 - Trying to use logger class org.apache.velocity.runtime.log.Log4JLogChute
2023-12-18 14:19:55,695 - Using logger class org.apache.velocity.runtime.log.Log4JLogChute
2023-12-18 14:19:55,698 - ResourceLoader instantiated: org.apache.velocity.runtime.resource.loader.StringResourceLoader
2023-12-18 14:19:55,698 - Creating string repository using class org.apache.velocity.runtime.resource.util.StringResourceRepositoryImpl...
2023-12-18 14:19:55,698 - Default repository encoding is UTF-8
2023-12-18 14:19:55,705 - ResourceCache: initialized (class org.apache.velocity.runtime.resource.ResourceCacheImpl) with class java.util.Collections$SynchronizedMap cache map.
2023-12-18 14:19:55,707 - Loaded System Directive: org.apache.velocity.runtime.directive.Stop
2023-12-18 14:19:55,708 - Loaded System Directive: org.apache.velocity.runtime.directive.Define
2023-12-18 14:19:55,708 - Loaded System Directive: org.apache.velocity.runtime.directive.Break
2023-12-18 14:19:55,709 - Loaded System Directive: org.apache.velocity.runtime.directive.Evaluate
2023-12-18 14:19:55,709 - Loaded System Directive: org.apache.velocity.runtime.directive.Literal
2023-12-18 14:19:55,710 - Loaded System Directive: org.apache.velocity.runtime.directive.Macro
2023-12-18 14:19:55,711 - Loaded System Directive: org.apache.velocity.runtime.directive.Parse
2023-12-18 14:19:55,712 - Loaded System Directive: org.apache.velocity.runtime.directive.Include
2023-12-18 14:19:55,713 - Loaded System Directive: org.apache.velocity.runtime.directive.Foreach
2023-12-18 14:19:55,735 - Created '20' parsers.
2023-12-18 14:19:55,739 - Velocimacro : "velocimacro.library" is not set.  Trying default library: VM_global_library.vm
2023-12-18 14:19:55,739 - Velocimacro : Default library not found.
2023-12-18 14:19:55,739 - Velocimacro : allowInline = true : VMs can be defined inline in templates
2023-12-18 14:19:55,739 - Velocimacro : allowInlineToOverride = false : VMs defined inline may NOT replace previous VM definitions
2023-12-18 14:19:55,739 - Velocimacro : allowInlineLocal = false : VMs defined inline will be global in scope if allowed.
2023-12-18 14:19:55,739 - Velocimacro : autoload off : VM system will not automatically reload global library macros
2023-12-18 14:19:55,785 - Parser Exception: myTemplate
org.apache.velocity.runtime.parser.ParseException: Encountered "<EOF>" at line 4, column 45.
Was expecting one of:
    "(" ...
    <RPAREN> ...
    <ESCAPE_DIRECTIVE> ...
    <SET_DIRECTIVE> ...
    "##" ...
    "\\\\" ...
    "\\" ...
    <TEXT> ...
    "*#" ...
    "*#" ...
    "]]#" ...
    <STRING_LITERAL> ...
    <END> ...
    <IF_DIRECTIVE> ...
    <ELSEIF_DIRECTIVE> ...
    <ELSE_DIRECTIVE> ...
    <INTEGER_LITERAL> ...
    <FLOATING_POINT_LITERAL> ...
    <WORD> ...
    <BRACKETED_WORD> ...
    <IDENTIFIER> ...
    <DOT> ...
    "{" ...
    "}" ...
    <EMPTY_INDEX> ...
    
	at org.apache.velocity.runtime.parser.Parser.generateParseException(Parser.java:3679)
	at org.apache.velocity.runtime.parser.Parser.jj_consume_token(Parser.java:3558)
	at org.apache.velocity.runtime.parser.Parser.IfStatement(Parser.java:1740)
	at org.apache.velocity.runtime.parser.Parser.Statement(Parser.java:352)
	at org.apache.velocity.runtime.parser.Parser.process(Parser.java:317)
	at org.apache.velocity.runtime.parser.Parser.parse(Parser.java:117)
	at org.apache.velocity.runtime.RuntimeInstance.parse(RuntimeInstance.java:1226)
	at org.apache.velocity.runtime.RuntimeInstance.parse(RuntimeInstance.java:1181)
	at org.apache.velocity.Template.process(Template.java:134)
	at org.apache.velocity.runtime.resource.ResourceManagerImpl.loadResource(ResourceManagerImpl.java:437)
	at org.apache.velocity.runtime.resource.ResourceManagerImpl.getResource(ResourceManagerImpl.java:352)
	at org.apache.velocity.runtime.RuntimeInstance.getTemplate(RuntimeInstance.java:1533)
	at org.apache.velocity.app.VelocityEngine.getTemplate(VelocityEngine.java:392)
	at util.velocity.VelocityTemplateTest.formatOrderInfo(VelocityTemplateTest.java:55)
	at util.velocity.VelocityTemplateTest.main(VelocityTemplateTest.java:30)
2023-12-18 14:19:55,788 - ResourceManager.getResource() parse exception
org.apache.velocity.exception.ParseErrorException: Encountered "<EOF>" at myTemplate[line 4, column 45]
Was expecting one of:
    "(" ...
    <RPAREN> ...
    <ESCAPE_DIRECTIVE> ...
    <SET_DIRECTIVE> ...
    "##" ...
    "\\\\" ...
    "\\" ...
    <TEXT> ...
    "*#" ...
    "*#" ...
    "]]#" ...
    <STRING_LITERAL> ...
    <END> ...
    <IF_DIRECTIVE> ...
    <ELSEIF_DIRECTIVE> ...
    <ELSE_DIRECTIVE> ...
    <INTEGER_LITERAL> ...
    <FLOATING_POINT_LITERAL> ...
    <WORD> ...
    <BRACKETED_WORD> ...
    <IDENTIFIER> ...
    <DOT> ...
    "{" ...
    "}" ...
    <EMPTY_INDEX> ...
    
	at org.apache.velocity.Template.process(Template.java:151)
	at org.apache.velocity.runtime.resource.ResourceManagerImpl.loadResource(ResourceManagerImpl.java:437)
	at org.apache.velocity.runtime.resource.ResourceManagerImpl.getResource(ResourceManagerImpl.java:352)
	at org.apache.velocity.runtime.RuntimeInstance.getTemplate(RuntimeInstance.java:1533)
	at org.apache.velocity.app.VelocityEngine.getTemplate(VelocityEngine.java:392)
	at util.velocity.VelocityTemplateTest.formatOrderInfo(VelocityTemplateTest.java:55)
	at util.velocity.VelocityTemplateTest.main(VelocityTemplateTest.java:30)
2023-12-18 14:20:22,395 - Log4JLogChute initialized using file 'velocity.log'
2023-12-18 14:20:22,396 - Initializing Velocity, Calling init()...
2023-12-18 14:20:22,396 - Starting Apache Velocity v1.7 (compiled: 2010-11-19 12:14:37)
2023-12-18 14:20:22,396 - Default Properties File: org/apache/velocity/runtime/defaults/velocity.properties
2023-12-18 14:20:22,396 - Trying to use logger class org.apache.velocity.runtime.log.AvalonLogChute
2023-12-18 14:20:22,396 - Target log system for org.apache.velocity.runtime.log.AvalonLogChute is not available (java.lang.NoClassDefFoundError: org/apache/log/format/Formatter).  Falling back to next log system...
2023-12-18 14:20:22,396 - Trying to use logger class org.apache.velocity.runtime.log.Log4JLogChute
2023-12-18 14:20:22,396 - Using logger class org.apache.velocity.runtime.log.Log4JLogChute
2023-12-18 14:20:22,401 - ResourceLoader instantiated: org.apache.velocity.runtime.resource.loader.StringResourceLoader
2023-12-18 14:20:22,402 - Creating string repository using class org.apache.velocity.runtime.resource.util.StringResourceRepositoryImpl...
2023-12-18 14:20:22,402 - Default repository encoding is UTF-8
2023-12-18 14:20:22,413 - ResourceCache: initialized (class org.apache.velocity.runtime.resource.ResourceCacheImpl) with class java.util.Collections$SynchronizedMap cache map.
2023-12-18 14:20:22,414 - Loaded System Directive: org.apache.velocity.runtime.directive.Stop
2023-12-18 14:20:22,415 - Loaded System Directive: org.apache.velocity.runtime.directive.Define
2023-12-18 14:20:22,416 - Loaded System Directive: org.apache.velocity.runtime.directive.Break
2023-12-18 14:20:22,417 - Loaded System Directive: org.apache.velocity.runtime.directive.Evaluate
2023-12-18 14:20:22,417 - Loaded System Directive: org.apache.velocity.runtime.directive.Literal
2023-12-18 14:20:22,418 - Loaded System Directive: org.apache.velocity.runtime.directive.Macro
2023-12-18 14:20:22,419 - Loaded System Directive: org.apache.velocity.runtime.directive.Parse
2023-12-18 14:20:22,420 - Loaded System Directive: org.apache.velocity.runtime.directive.Include
2023-12-18 14:20:22,422 - Loaded System Directive: org.apache.velocity.runtime.directive.Foreach
2023-12-18 14:20:22,448 - Created '20' parsers.
2023-12-18 14:20:22,453 - Velocimacro : "velocimacro.library" is not set.  Trying default library: VM_global_library.vm
2023-12-18 14:20:22,453 - Velocimacro : Default library not found.
2023-12-18 14:20:22,453 - Velocimacro : allowInline = true : VMs can be defined inline in templates
2023-12-18 14:20:22,453 - Velocimacro : allowInlineToOverride = false : VMs defined inline may NOT replace previous VM definitions
2023-12-18 14:20:22,453 - Velocimacro : allowInlineLocal = false : VMs defined inline will be global in scope if allowed.
2023-12-18 14:20:22,453 - Velocimacro : autoload off : VM system will not automatically reload global library macros
2023-12-18 14:20:22,513 - Parser Exception: myTemplate
org.apache.velocity.runtime.parser.ParseException: Encountered "<EOF>" at line 4, column 46.
Was expecting one of:
    "(" ...
    <RPAREN> ...
    <ESCAPE_DIRECTIVE> ...
    <SET_DIRECTIVE> ...
    "##" ...
    "\\\\" ...
    "\\" ...
    <TEXT> ...
    "*#" ...
    "*#" ...
    "]]#" ...
    <STRING_LITERAL> ...
    <END> ...
    <IF_DIRECTIVE> ...
    <ELSEIF_DIRECTIVE> ...
    <ELSE_DIRECTIVE> ...
    <INTEGER_LITERAL> ...
    <FLOATING_POINT_LITERAL> ...
    <WORD> ...
    <BRACKETED_WORD> ...
    <IDENTIFIER> ...
    <DOT> ...
    "{" ...
    "}" ...
    <EMPTY_INDEX> ...
    
	at org.apache.velocity.runtime.parser.Parser.generateParseException(Parser.java:3679)
	at org.apache.velocity.runtime.parser.Parser.jj_consume_token(Parser.java:3558)
	at org.apache.velocity.runtime.parser.Parser.IfStatement(Parser.java:1740)
	at org.apache.velocity.runtime.parser.Parser.Statement(Parser.java:352)
	at org.apache.velocity.runtime.parser.Parser.process(Parser.java:317)
	at org.apache.velocity.runtime.parser.Parser.parse(Parser.java:117)
	at org.apache.velocity.runtime.RuntimeInstance.parse(RuntimeInstance.java:1226)
	at org.apache.velocity.runtime.RuntimeInstance.parse(RuntimeInstance.java:1181)
	at org.apache.velocity.Template.process(Template.java:134)
	at org.apache.velocity.runtime.resource.ResourceManagerImpl.loadResource(ResourceManagerImpl.java:437)
	at org.apache.velocity.runtime.resource.ResourceManagerImpl.getResource(ResourceManagerImpl.java:352)
	at org.apache.velocity.runtime.RuntimeInstance.getTemplate(RuntimeInstance.java:1533)
	at org.apache.velocity.app.VelocityEngine.getTemplate(VelocityEngine.java:392)
	at util.velocity.VelocityTemplateTest.formatOrderInfo(VelocityTemplateTest.java:55)
	at util.velocity.VelocityTemplateTest.main(VelocityTemplateTest.java:30)
2023-12-18 14:20:22,517 - ResourceManager.getResource() parse exception
org.apache.velocity.exception.ParseErrorException: Encountered "<EOF>" at myTemplate[line 4, column 46]
Was expecting one of:
    "(" ...
    <RPAREN> ...
    <ESCAPE_DIRECTIVE> ...
    <SET_DIRECTIVE> ...
    "##" ...
    "\\\\" ...
    "\\" ...
    <TEXT> ...
    "*#" ...
    "*#" ...
    "]]#" ...
    <STRING_LITERAL> ...
    <END> ...
    <IF_DIRECTIVE> ...
    <ELSEIF_DIRECTIVE> ...
    <ELSE_DIRECTIVE> ...
    <INTEGER_LITERAL> ...
    <FLOATING_POINT_LITERAL> ...
    <WORD> ...
    <BRACKETED_WORD> ...
    <IDENTIFIER> ...
    <DOT> ...
    "{" ...
    "}" ...
    <EMPTY_INDEX> ...
    
	at org.apache.velocity.Template.process(Template.java:151)
	at org.apache.velocity.runtime.resource.ResourceManagerImpl.loadResource(ResourceManagerImpl.java:437)
	at org.apache.velocity.runtime.resource.ResourceManagerImpl.getResource(ResourceManagerImpl.java:352)
	at org.apache.velocity.runtime.RuntimeInstance.getTemplate(RuntimeInstance.java:1533)
	at org.apache.velocity.app.VelocityEngine.getTemplate(VelocityEngine.java:392)
	at util.velocity.VelocityTemplateTest.formatOrderInfo(VelocityTemplateTest.java:55)
	at util.velocity.VelocityTemplateTest.main(VelocityTemplateTest.java:30)
2023-12-18 14:22:11,461 - Log4JLogChute initialized using file 'velocity.log'
2023-12-18 14:22:11,461 - Initializing Velocity, Calling init()...
2023-12-18 14:22:11,461 - Starting Apache Velocity v1.7 (compiled: 2010-11-19 12:14:37)
2023-12-18 14:22:11,461 - Default Properties File: org/apache/velocity/runtime/defaults/velocity.properties
2023-12-18 14:22:11,461 - Trying to use logger class org.apache.velocity.runtime.log.AvalonLogChute
2023-12-18 14:22:11,461 - Target log system for org.apache.velocity.runtime.log.AvalonLogChute is not available (java.lang.NoClassDefFoundError: org/apache/log/format/Formatter).  Falling back to next log system...
2023-12-18 14:22:11,461 - Trying to use logger class org.apache.velocity.runtime.log.Log4JLogChute
2023-12-18 14:22:11,461 - Using logger class org.apache.velocity.runtime.log.Log4JLogChute
2023-12-18 14:22:11,465 - ResourceLoader instantiated: org.apache.velocity.runtime.resource.loader.StringResourceLoader
2023-12-18 14:22:11,466 - Creating string repository using class org.apache.velocity.runtime.resource.util.StringResourceRepositoryImpl...
2023-12-18 14:22:11,466 - Default repository encoding is UTF-8
2023-12-18 14:22:11,477 - ResourceCache: initialized (class org.apache.velocity.runtime.resource.ResourceCacheImpl) with class java.util.Collections$SynchronizedMap cache map.
2023-12-18 14:22:11,478 - Loaded System Directive: org.apache.velocity.runtime.directive.Stop
2023-12-18 14:22:11,479 - Loaded System Directive: org.apache.velocity.runtime.directive.Define
2023-12-18 14:22:11,480 - Loaded System Directive: org.apache.velocity.runtime.directive.Break
2023-12-18 14:22:11,480 - Loaded System Directive: org.apache.velocity.runtime.directive.Evaluate
2023-12-18 14:22:11,481 - Loaded System Directive: org.apache.velocity.runtime.directive.Literal
2023-12-18 14:22:11,482 - Loaded System Directive: org.apache.velocity.runtime.directive.Macro
2023-12-18 14:22:11,483 - Loaded System Directive: org.apache.velocity.runtime.directive.Parse
2023-12-18 14:22:11,484 - Loaded System Directive: org.apache.velocity.runtime.directive.Include
2023-12-18 14:22:11,485 - Loaded System Directive: org.apache.velocity.runtime.directive.Foreach
2023-12-18 14:22:11,512 - Created '20' parsers.
2023-12-18 14:22:11,517 - Velocimacro : "velocimacro.library" is not set.  Trying default library: VM_global_library.vm
2023-12-18 14:22:11,517 - Velocimacro : Default library not found.
2023-12-18 14:22:11,517 - Velocimacro : allowInline = true : VMs can be defined inline in templates
2023-12-18 14:22:11,517 - Velocimacro : allowInlineToOverride = false : VMs defined inline may NOT replace previous VM definitions
2023-12-18 14:22:11,517 - Velocimacro : allowInlineLocal = false : VMs defined inline will be global in scope if allowed.
2023-12-18 14:22:11,517 - Velocimacro : autoload off : VM system will not automatically reload global library macros
2023-12-18 14:22:11,578 - ResourceManager : found myTemplate with loader org.apache.velocity.runtime.resource.loader.StringResourceLoader
2023-12-18 14:22:32,465 - Log4JLogChute initialized using file 'velocity.log'
2023-12-18 14:22:32,465 - Initializing Velocity, Calling init()...
2023-12-18 14:22:32,465 - Starting Apache Velocity v1.7 (compiled: 2010-11-19 12:14:37)
2023-12-18 14:22:32,465 - Default Properties File: org/apache/velocity/runtime/defaults/velocity.properties
2023-12-18 14:22:32,465 - Trying to use logger class org.apache.velocity.runtime.log.AvalonLogChute
2023-12-18 14:22:32,465 - Target log system for org.apache.velocity.runtime.log.AvalonLogChute is not available (java.lang.NoClassDefFoundError: org/apache/log/format/Formatter).  Falling back to next log system...
2023-12-18 14:22:32,465 - Trying to use logger class org.apache.velocity.runtime.log.Log4JLogChute
2023-12-18 14:22:32,465 - Using logger class org.apache.velocity.runtime.log.Log4JLogChute
2023-12-18 14:22:32,470 - ResourceLoader instantiated: org.apache.velocity.runtime.resource.loader.StringResourceLoader
2023-12-18 14:22:32,471 - Creating string repository using class org.apache.velocity.runtime.resource.util.StringResourceRepositoryImpl...
2023-12-18 14:22:32,471 - Default repository encoding is UTF-8
2023-12-18 14:22:32,483 - ResourceCache: initialized (class org.apache.velocity.runtime.resource.ResourceCacheImpl) with class java.util.Collections$SynchronizedMap cache map.
2023-12-18 14:22:32,484 - Loaded System Directive: org.apache.velocity.runtime.directive.Stop
2023-12-18 14:22:32,486 - Loaded System Directive: org.apache.velocity.runtime.directive.Define
2023-12-18 14:22:32,487 - Loaded System Directive: org.apache.velocity.runtime.directive.Break
2023-12-18 14:22:32,487 - Loaded System Directive: org.apache.velocity.runtime.directive.Evaluate
2023-12-18 14:22:32,488 - Loaded System Directive: org.apache.velocity.runtime.directive.Literal
2023-12-18 14:22:32,489 - Loaded System Directive: org.apache.velocity.runtime.directive.Macro
2023-12-18 14:22:32,490 - Loaded System Directive: org.apache.velocity.runtime.directive.Parse
2023-12-18 14:22:32,492 - Loaded System Directive: org.apache.velocity.runtime.directive.Include
2023-12-18 14:22:32,493 - Loaded System Directive: org.apache.velocity.runtime.directive.Foreach
2023-12-18 14:22:32,521 - Created '20' parsers.
2023-12-18 14:22:32,526 - Velocimacro : "velocimacro.library" is not set.  Trying default library: VM_global_library.vm
2023-12-18 14:22:32,526 - Velocimacro : Default library not found.
2023-12-18 14:22:32,526 - Velocimacro : allowInline = true : VMs can be defined inline in templates
2023-12-18 14:22:32,526 - Velocimacro : allowInlineToOverride = false : VMs defined inline may NOT replace previous VM definitions
2023-12-18 14:22:32,526 - Velocimacro : allowInlineLocal = false : VMs defined inline will be global in scope if allowed.
2023-12-18 14:22:32,526 - Velocimacro : autoload off : VM system will not automatically reload global library macros
2023-12-18 14:22:32,585 - ResourceManager : found myTemplate with loader org.apache.velocity.runtime.resource.loader.StringResourceLoader
2023-12-18 14:22:45,417 - Log4JLogChute initialized using file 'velocity.log'
2023-12-18 14:22:45,417 - Initializing Velocity, Calling init()...
2023-12-18 14:22:45,417 - Starting Apache Velocity v1.7 (compiled: 2010-11-19 12:14:37)
2023-12-18 14:22:45,417 - Default Properties File: org/apache/velocity/runtime/defaults/velocity.properties
2023-12-18 14:22:45,417 - Trying to use logger class org.apache.velocity.runtime.log.AvalonLogChute
2023-12-18 14:22:45,418 - Target log system for org.apache.velocity.runtime.log.AvalonLogChute is not available (java.lang.NoClassDefFoundError: org/apache/log/format/Formatter).  Falling back to next log system...
2023-12-18 14:22:45,418 - Trying to use logger class org.apache.velocity.runtime.log.Log4JLogChute
2023-12-18 14:22:45,418 - Using logger class org.apache.velocity.runtime.log.Log4JLogChute
2023-12-18 14:22:45,422 - ResourceLoader instantiated: org.apache.velocity.runtime.resource.loader.StringResourceLoader
2023-12-18 14:22:45,424 - Creating string repository using class org.apache.velocity.runtime.resource.util.StringResourceRepositoryImpl...
2023-12-18 14:22:45,424 - Default repository encoding is UTF-8
2023-12-18 14:22:45,435 - ResourceCache: initialized (class org.apache.velocity.runtime.resource.ResourceCacheImpl) with class java.util.Collections$SynchronizedMap cache map.
2023-12-18 14:22:45,436 - Loaded System Directive: org.apache.velocity.runtime.directive.Stop
2023-12-18 14:22:45,438 - Loaded System Directive: org.apache.velocity.runtime.directive.Define
2023-12-18 14:22:45,438 - Loaded System Directive: org.apache.velocity.runtime.directive.Break
2023-12-18 14:22:45,439 - Loaded System Directive: org.apache.velocity.runtime.directive.Evaluate
2023-12-18 14:22:45,440 - Loaded System Directive: org.apache.velocity.runtime.directive.Literal
2023-12-18 14:22:45,441 - Loaded System Directive: org.apache.velocity.runtime.directive.Macro
2023-12-18 14:22:45,442 - Loaded System Directive: org.apache.velocity.runtime.directive.Parse
2023-12-18 14:22:45,443 - Loaded System Directive: org.apache.velocity.runtime.directive.Include
2023-12-18 14:22:45,444 - Loaded System Directive: org.apache.velocity.runtime.directive.Foreach
2023-12-18 14:22:45,471 - Created '20' parsers.
2023-12-18 14:22:45,476 - Velocimacro : "velocimacro.library" is not set.  Trying default library: VM_global_library.vm
2023-12-18 14:22:45,476 - Velocimacro : Default library not found.
2023-12-18 14:22:45,477 - Velocimacro : allowInline = true : VMs can be defined inline in templates
2023-12-18 14:22:45,477 - Velocimacro : allowInlineToOverride = false : VMs defined inline may NOT replace previous VM definitions
2023-12-18 14:22:45,477 - Velocimacro : allowInlineLocal = false : VMs defined inline will be global in scope if allowed.
2023-12-18 14:22:45,477 - Velocimacro : autoload off : VM system will not automatically reload global library macros
2023-12-18 14:22:45,537 - ResourceManager : found myTemplate with loader org.apache.velocity.runtime.resource.loader.StringResourceLoader
